<?xml version="1.0" encoding="utf-8" ?>
<!--  DO NOT EDIT THIS FILE -->
<log version="2.0" source="pin">
<msg id="1">
<type>40</type>
<description>Cannot execute file. System error: System error 193 : %1 is not a valid Win32 application.  . File name: &quot;C:\Users\pc\documents\visual studio 2015\Projects\ServerUI\ServerUI\ServerUI.Windows\bin\Debug\ServerUI.Windows.exe&quot; </description>
<severity>ERROR</severity>
<timestamp>Sat Jan 21 01:09:55 2017 </timestamp>
<arg name='filename'>"C:\Users\pc\documents\visual studio 2015\Projects\ServerUI\ServerUI\ServerUI.Windows\bin\Debug\ServerUI.Windows.exe"</arg>
<pinversion>3.0</pinversion>
<kitnumber>76284</kitnumber>
</msg>
<msg id="2">
<type>1</type>
<description>Pin is exiting due to fatal error </description>
<severity>ERROR</severity>
<timestamp>Sat Jan 21 01:09:56 2017 </timestamp>
<pinversion>3.0</pinversion>
<kitnumber>76284</kitnumber>
</msg>
</log>
